{"clientVersion":"5.22.0","code":"P2021","level":"error","message":"Get products error: \nInvalid `prisma.product.findMany()` invocation:\n\n\nThe table `main.Product` does not exist in the current database.","meta":{"modelName":"Product","table":"main.Product"},"name":"PrismaClientKnownRequestError","service":"lincesckf-api","stack":"PrismaClientKnownRequestError: \nInvalid `prisma.product.findMany()` invocation:\n\n\nThe table `main.Product` does not exist in the current database.\n    at $n.handleRequestError (C:\\Users\\suman\\Downloads\\Backend V1\\project\\node_modules\\@prisma\\client\\runtime\\library.js:121:7315)\n    at $n.handleAndLogRequestError (C:\\Users\\suman\\Downloads\\Backend V1\\project\\node_modules\\@prisma\\client\\runtime\\library.js:121:6623)\n    at $n.request (C:\\Users\\suman\\Downloads\\Backend V1\\project\\node_modules\\@prisma\\client\\runtime\\library.js:121:6307)\n    at async l (C:\\Users\\suman\\Downloads\\Backend V1\\project\\node_modules\\@prisma\\client\\runtime\\library.js:130:9633)\n    at async Promise.all (index 0)\n    at async getAllProducts (file:///C:/Users/suman/Downloads/Backend%20V1/project/src/services/productService.js:22:31)\n    at async list (file:///C:/Users/suman/Downloads/Backend%20V1/project/src/controllers/productController.js:14:20)","timestamp":"2026-03-14 21:04:17"}
{"clientVersion":"5.22.0","code":"P2021","level":"error","message":"Get products error: \nInvalid `prisma.product.count()` invocation:\n\n\nThe table `main.Product` does not exist in the current database.","meta":{"modelName":"Product","table":"main.Product"},"name":"PrismaClientKnownRequestError","service":"lincesckf-api","stack":"PrismaClientKnownRequestError: \nInvalid `prisma.product.count()` invocation:\n\n\nThe table `main.Product` does not exist in the current database.\n    at $n.handleRequestError (C:\\Users\\suman\\Downloads\\Backend V1\\project\\node_modules\\@prisma\\client\\runtime\\library.js:121:7315)\n    at $n.handleAndLogRequestError (C:\\Users\\suman\\Downloads\\Backend V1\\project\\node_modules\\@prisma\\client\\runtime\\library.js:121:6623)\n    at $n.request (C:\\Users\\suman\\Downloads\\Backend V1\\project\\node_modules\\@prisma\\client\\runtime\\library.js:121:6307)\n    at async l (C:\\Users\\suman\\Downloads\\Backend V1\\project\\node_modules\\@prisma\\client\\runtime\\library.js:130:9633)\n    at async Promise.all (index 1)\n    at async getAllProducts (file:///C:/Users/suman/Downloads/Backend%20V1/project/src/services/productService.js:22:31)\n    at async list (file:///C:/Users/suman/Downloads/Backend%20V1/project/src/controllers/productController.js:14:20)","timestamp":"2026-03-14 21:04:17"}
{"level":"info","message":"User registered: sumanthale@gmail.com","service":"lincesckf-api","timestamp":"2026-03-15 00:12:55"}
{"level":"info","message":"User registered: sumanthale2@gmail.com","service":"lincesckf-api","timestamp":"2026-03-15 00:14:27"}
{"level":"info","message":"User logged in: sumanthale@gmail.com","service":"lincesckf-api","timestamp":"2026-03-15 00:21:42"}
{"level":"info","message":"Item added to cart - User: 2, Product: 2, Qty: 1","service":"lincesckf-api","timestamp":"2026-03-15 00:59:11"}
{"level":"info","message":"Order created - User: 2, Order: 1, Total: 6.49","service":"lincesckf-api","timestamp":"2026-03-15 01:07:48"}
{"level":"info","message":"Item added to cart - User: 2, Product: 3, Qty: 1","service":"lincesckf-api","timestamp":"2026-03-15 01:08:21"}
{"level":"info","message":"Item added to cart - User: 2, Product: 2, Qty: 1","service":"lincesckf-api","timestamp":"2026-03-15 01:08:21"}
{"level":"info","message":"Item added to cart - User: 2, Product: 2, Qty: 1","service":"lincesckf-api","timestamp":"2026-03-15 01:08:23"}
{"level":"info","message":"Cart item updated - User: 2, CartItem: 2, Qty: 1","service":"lincesckf-api","timestamp":"2026-03-15 01:11:15"}
{"level":"info","message":"Cart item updated - User: 2, CartItem: 2, Qty: 1","service":"lincesckf-api","timestamp":"2026-03-15 01:11:24"}
{"level":"info","message":"Cart item updated - User: 2, CartItem: 2, Qty: 1","service":"lincesckf-api","timestamp":"2026-03-15 01:11:25"}
{"level":"info","message":"Cart item updated - User: 2, CartItem: 2, Qty: 1","service":"lincesckf-api","timestamp":"2026-03-15 01:11:26"}
{"level":"info","message":"Cart item updated - User: 2, CartItem: 2, Qty: 1","service":"lincesckf-api","timestamp":"2026-03-15 01:11:26"}
{"level":"info","message":"Cart item updated - User: 2, CartItem: 2, Qty: 1","service":"lincesckf-api","timestamp":"2026-03-15 01:11:32"}
{"level":"info","message":"Cart item updated - User: 2, CartItem: 2, Qty: 1","service":"lincesckf-api","timestamp":"2026-03-15 01:11:33"}
{"level":"info","message":"Cart item updated - User: 2, CartItem: 2, Qty: 1","service":"lincesckf-api","timestamp":"2026-03-15 01:11:33"}
{"level":"info","message":"Cart item updated - User: 2, CartItem: 2, Qty: 1","service":"lincesckf-api","timestamp":"2026-03-15 01:11:41"}
{"level":"info","message":"Cart item updated - User: 2, CartItem: 2, Qty: 1","service":"lincesckf-api","timestamp":"2026-03-15 01:13:43"}
{"level":"info","message":"Cart item updated - User: 2, CartItem: 3, Qty: 2","service":"lincesckf-api","timestamp":"2026-03-15 01:13:51"}
{"level":"info","message":"Cart item updated - User: 2, CartItem: 2, Qty: 1","service":"lincesckf-api","timestamp":"2026-03-15 01:14:48"}
{"level":"info","message":"Cart item updated - User: 2, CartItem: 3, Qty: 2","service":"lincesckf-api","timestamp":"2026-03-15 01:15:40"}
{"level":"info","message":"Cart item updated - User: 2, CartItem: 3, Qty: 2","service":"lincesckf-api","timestamp":"2026-03-15 01:15:42"}
{"level":"info","message":"Cart item updated - User: 2, CartItem: 3, Qty: 2","service":"lincesckf-api","timestamp":"2026-03-15 01:15:43"}
{"level":"info","message":"Cart item updated - User: 2, CartItem: 3, Qty: 2","service":"lincesckf-api","timestamp":"2026-03-15 01:16:04"}
{"level":"info","message":"Cart item updated - User: 2, CartItem: 3, Qty: 2","service":"lincesckf-api","timestamp":"2026-03-15 01:17:53"}
{"level":"info","message":"Cart item updated - User: 2, CartItem: 3, Qty: 2","service":"lincesckf-api","timestamp":"2026-03-15 01:17:54"}
{"level":"info","message":"Cart item updated - User: 2, CartItem: 3, Qty: 2","service":"lincesckf-api","timestamp":"2026-03-15 01:18:19"}
{"level":"info","message":"Cart item updated - User: 2, CartItem: 3, Qty: 2","service":"lincesckf-api","timestamp":"2026-03-15 01:18:20"}
{"level":"info","message":"Cart item updated - User: 2, CartItem: 3, Qty: 2","service":"lincesckf-api","timestamp":"2026-03-15 01:18:20"}
{"level":"info","message":"Cart item updated - User: 2, CartItem: 3, Qty: 2","service":"lincesckf-api","timestamp":"2026-03-15 01:18:20"}
{"level":"info","message":"Cart item updated - User: 2, CartItem: 3, Qty: 2","service":"lincesckf-api","timestamp":"2026-03-15 01:18:20"}
{"level":"info","message":"Cart item updated - User: 2, CartItem: 3, Qty: 2","service":"lincesckf-api","timestamp":"2026-03-15 01:18:21"}
{"level":"info","message":"Cart item updated - User: 2, CartItem: 3, Qty: 2","service":"lincesckf-api","timestamp":"2026-03-15 01:18:21"}
{"level":"info","message":"Cart item updated - User: 2, CartItem: 3, Qty: 2","service":"lincesckf-api","timestamp":"2026-03-15 01:18:21"}
{"level":"info","message":"Cart item updated - User: 2, CartItem: 3, Qty: 2","service":"lincesckf-api","timestamp":"2026-03-15 01:18:22"}
{"level":"info","message":"Cart item updated - User: 2, CartItem: 3, Qty: 2","service":"lincesckf-api","timestamp":"2026-03-15 01:18:22"}
{"level":"info","message":"Cart item updated - User: 2, CartItem: 3, Qty: 2","service":"lincesckf-api","timestamp":"2026-03-15 01:18:27"}
{"level":"info","message":"Cart item updated - User: 2, CartItem: 3, Qty: 2","service":"lincesckf-api","timestamp":"2026-03-15 01:18:38"}
{"level":"info","message":"Cart item updated - User: 2, CartItem: 3, Qty: 2","service":"lincesckf-api","timestamp":"2026-03-15 01:19:53"}
{"level":"info","message":"Cart item updated - User: 2, CartItem: 3, Qty: 2","service":"lincesckf-api","timestamp":"2026-03-15 01:20:48"}
{"level":"info","message":"Cart item updated - User: 2, CartItem: 3, Qty: 2","service":"lincesckf-api","timestamp":"2026-03-15 01:21:00"}
{"level":"info","message":"Cart item updated - User: 2, CartItem: 3, Qty: 2","service":"lincesckf-api","timestamp":"2026-03-15 01:21:14"}
{"level":"info","message":"Cart item updated - User: 2, CartItem: 3, Qty: 2","service":"lincesckf-api","timestamp":"2026-03-15 01:21:38"}
{"level":"info","message":"Cart item updated - User: 2, CartItem: 2, Qty: 3","service":"lincesckf-api","timestamp":"2026-03-15 01:22:44"}
{"level":"info","message":"Cart item updated - User: 2, CartItem: 3, Qty: 2","service":"lincesckf-api","timestamp":"2026-03-15 01:23:05"}
{"level":"info","message":"Cart item updated - User: 2, CartItem: 3, Qty: 2","service":"lincesckf-api","timestamp":"2026-03-15 01:23:06"}
{"level":"info","message":"Cart item updated - User: 2, CartItem: 3, Qty: 4","service":"lincesckf-api","timestamp":"2026-03-15 01:23:18"}
{"level":"info","message":"Cart item updated - User: 2, CartItem: 3, Qty: 2","service":"lincesckf-api","timestamp":"2026-03-15 01:23:22"}
{"level":"info","message":"Cart item updated - User: 2, CartItem: 3, Qty: 4","service":"lincesckf-api","timestamp":"2026-03-15 01:23:24"}
{"level":"info","message":"Cart item updated - User: 2, CartItem: 3, Qty: 2","service":"lincesckf-api","timestamp":"2026-03-15 01:23:25"}
{"level":"info","message":"Cart item updated - User: 2, CartItem: 2, Qty: 3","service":"lincesckf-api","timestamp":"2026-03-15 01:23:29"}
{"level":"info","message":"Cart item updated - User: 2, CartItem: 2, Qty: 3","service":"lincesckf-api","timestamp":"2026-03-15 01:23:30"}
{"level":"info","message":"Cart item updated - User: 2, CartItem: 3, Qty: 4","service":"lincesckf-api","timestamp":"2026-03-15 01:23:33"}
{"level":"info","message":"Cart item updated - User: 2, CartItem: 3, Qty: 4","service":"lincesckf-api","timestamp":"2026-03-15 01:24:37"}
{"level":"info","message":"Cart item updated - User: 2, CartItem: 2, Qty: 5","service":"lincesckf-api","timestamp":"2026-03-15 01:24:41"}
{"level":"info","message":"Cart item updated - User: 2, CartItem: 2, Qty: 5","service":"lincesckf-api","timestamp":"2026-03-15 01:25:16"}
{"level":"info","message":"Cart item updated - User: 2, CartItem: 3, Qty: 6","service":"lincesckf-api","timestamp":"2026-03-15 01:25:21"}
{"level":"info","message":"Cart item updated - User: 2, CartItem: 2, Qty: 7","service":"lincesckf-api","timestamp":"2026-03-15 01:25:27"}
{"level":"info","message":"Cart item updated - User: 2, CartItem: 2, Qty: 5","service":"lincesckf-api","timestamp":"2026-03-15 01:25:29"}
{"level":"info","message":"Cart item updated - User: 2, CartItem: 3, Qty: 6","service":"lincesckf-api","timestamp":"2026-03-15 01:26:08"}
{"level":"info","message":"Cart item updated - User: 2, CartItem: 3, Qty: 6","service":"lincesckf-api","timestamp":"2026-03-15 01:27:33"}
{"level":"info","message":"Cart item updated - User: 2, CartItem: 2, Qty: 7","service":"lincesckf-api","timestamp":"2026-03-15 01:27:37"}
{"level":"info","message":"Item removed from cart - User: 2, CartItem: 2","service":"lincesckf-api","timestamp":"2026-03-15 01:27:42"}
{"level":"info","message":"Item removed from cart - User: 2, CartItem: 3","service":"lincesckf-api","timestamp":"2026-03-15 01:29:41"}
{"level":"info","message":"Item added to cart - User: 2, Product: 4, Qty: 1","service":"lincesckf-api","timestamp":"2026-03-15 01:29:57"}
{"level":"info","message":"Item added to cart - User: 2, Product: 3, Qty: 1","service":"lincesckf-api","timestamp":"2026-03-15 01:30:03"}
{"level":"info","message":"Item added to cart - User: 2, Product: 2, Qty: 1","service":"lincesckf-api","timestamp":"2026-03-15 01:30:08"}
{"level":"info","message":"Item added to cart - User: 2, Product: 1, Qty: 1","service":"lincesckf-api","timestamp":"2026-03-15 01:30:12"}
{"level":"info","message":"Cart item updated - User: 2, CartItem: 4, Qty: 2","service":"lincesckf-api","timestamp":"2026-03-15 01:30:27"}
{"level":"info","message":"Cart item updated - User: 2, CartItem: 7, Qty: 2","service":"lincesckf-api","timestamp":"2026-03-15 01:32:54"}
{"level":"info","message":"Cart item updated - User: 2, CartItem: 7, Qty: 1","service":"lincesckf-api","timestamp":"2026-03-15 01:32:56"}
{"level":"info","message":"Cart item updated - User: 2, CartItem: 6, Qty: 2","service":"lincesckf-api","timestamp":"2026-03-15 01:32:56"}
{"level":"info","message":"Cart item updated - User: 2, CartItem: 7, Qty: 2","service":"lincesckf-api","timestamp":"2026-03-15 01:32:57"}
{"level":"info","message":"Cart item updated - User: 2, CartItem: 5, Qty: 2","service":"lincesckf-api","timestamp":"2026-03-15 01:32:58"}
{"level":"info","message":"Cart item updated - User: 2, CartItem: 4, Qty: 3","service":"lincesckf-api","timestamp":"2026-03-15 01:32:59"}
{"level":"info","message":"Cart item updated - User: 2, CartItem: 4, Qty: 2","service":"lincesckf-api","timestamp":"2026-03-15 01:33:00"}
{"level":"info","message":"Cart item updated - User: 2, CartItem: 4, Qty: 1","service":"lincesckf-api","timestamp":"2026-03-15 01:33:01"}
{"level":"info","message":"Cart item updated - User: 2, CartItem: 5, Qty: 1","service":"lincesckf-api","timestamp":"2026-03-15 01:33:21"}
{"level":"info","message":"Cart item updated - User: 2, CartItem: 6, Qty: 1","service":"lincesckf-api","timestamp":"2026-03-15 01:33:23"}
{"level":"info","message":"Cart item updated - User: 2, CartItem: 7, Qty: 1","service":"lincesckf-api","timestamp":"2026-03-15 01:33:25"}
{"level":"info","message":"Cart item updated - User: 2, CartItem: 7, Qty: 2","service":"lincesckf-api","timestamp":"2026-03-15 01:33:26"}
{"level":"info","message":"Cart item updated - User: 2, CartItem: 7, Qty: 1","service":"lincesckf-api","timestamp":"2026-03-15 01:33:27"}
{"level":"info","message":"Cart item updated - User: 2, CartItem: 7, Qty: 2","service":"lincesckf-api","timestamp":"2026-03-15 01:33:27"}
{"level":"info","message":"Cart item updated - User: 2, CartItem: 7, Qty: 1","service":"lincesckf-api","timestamp":"2026-03-15 01:33:28"}
{"level":"info","message":"Cart item updated - User: 2, CartItem: 7, Qty: 2","service":"lincesckf-api","timestamp":"2026-03-15 01:33:29"}
{"level":"info","message":"Cart item updated - User: 2, CartItem: 7, Qty: 1","service":"lincesckf-api","timestamp":"2026-03-15 01:33:29"}
{"level":"info","message":"Item removed from cart - User: 2, CartItem: 7","service":"lincesckf-api","timestamp":"2026-03-15 01:33:33"}
{"level":"info","message":"Item removed from cart - User: 2, CartItem: 6","service":"lincesckf-api","timestamp":"2026-03-15 01:33:33"}
{"level":"info","message":"Item removed from cart - User: 2, CartItem: 5","service":"lincesckf-api","timestamp":"2026-03-15 01:33:34"}
{"level":"info","message":"Item removed from cart - User: 2, CartItem: 4","service":"lincesckf-api","timestamp":"2026-03-15 01:33:35"}
{"level":"info","message":"Item added to cart - User: 2, Product: 4, Qty: 1","service":"lincesckf-api","timestamp":"2026-03-15 01:33:41"}
{"level":"info","message":"Item added to cart - User: 2, Product: 4, Qty: 1","service":"lincesckf-api","timestamp":"2026-03-15 01:33:42"}
{"level":"info","message":"Item added to cart - User: 2, Product: 4, Qty: 1","service":"lincesckf-api","timestamp":"2026-03-15 01:33:42"}
{"level":"info","message":"Item added to cart - User: 2, Product: 4, Qty: 1","service":"lincesckf-api","timestamp":"2026-03-15 01:33:43"}
{"level":"info","message":"Cart item updated - User: 2, CartItem: 8, Qty: 3","service":"lincesckf-api","timestamp":"2026-03-15 01:34:00"}
{"level":"info","message":"Order created - User: 2, Order: 2, Total: 38.97","service":"lincesckf-api","timestamp":"2026-03-15 01:34:15"}
{"level":"info","message":"User logged in: admin@lincesckf.com","service":"lincesckf-api","timestamp":"2026-03-15 01:35:02"}
{"level":"info","message":"User registered: brand@gmail.com","service":"lincesckf-api","timestamp":"2026-03-16 23:14:34"}
{"clientVersion":"5.22.0","level":"error","message":"Get quote by ID error: \nInvalid `prisma.quoteRequest.findUnique()` invocation:\n\n{\n  where: {\n    id: \"33\"\n        ~~~~\n  }\n}\n\nArgument `id`: Invalid value provided. Expected Int, provided String.","name":"PrismaClientValidationError","service":"lincesckf-api","stack":"PrismaClientValidationError: \nInvalid `prisma.quoteRequest.findUnique()` invocation:\n\n{\n  where: {\n    id: \"33\"\n        ~~~~\n  }\n}\n\nArgument `id`: Invalid value provided. Expected Int, provided String.\n    at wn (C:\\Users\\suman\\Downloads\\Backend V1\\project\\node_modules\\@prisma\\client\\runtime\\library.js:29:1363)\n    at $n.handleRequestError (C:\\Users\\suman\\Downloads\\Backend V1\\project\\node_modules\\@prisma\\client\\runtime\\library.js:121:6958)\n    at $n.handleAndLogRequestError (C:\\Users\\suman\\Downloads\\Backend V1\\project\\node_modules\\@prisma\\client\\runtime\\library.js:121:6623)\n    at $n.request (C:\\Users\\suman\\Downloads\\Backend V1\\project\\node_modules\\@prisma\\client\\runtime\\library.js:121:6307)\n    at async l (C:\\Users\\suman\\Downloads\\Backend V1\\project\\node_modules\\@prisma\\client\\runtime\\library.js:130:9633)\n    at async getQuoteRequestById (file:///C:/Users/suman/Downloads/Backend%20V1/project/src/services/quoteService.js:50:19)\n    at async getById (file:///C:/Users/suman/Downloads/Backend%20V1/project/src/controllers/quoteController.js:45:20)","timestamp":"2026-03-16 23:22:46"}
{"clientVersion":"5.22.0","level":"error","message":"Get quote by ID error: \nInvalid `prisma.quoteRequest.findUnique()` invocation:\n\n{\n  where: {\n    id: \"33\"\n        ~~~~\n  }\n}\n\nArgument `id`: Invalid value provided. Expected Int, provided String.","name":"PrismaClientValidationError","service":"lincesckf-api","stack":"PrismaClientValidationError: \nInvalid `prisma.quoteRequest.findUnique()` invocation:\n\n{\n  where: {\n    id: \"33\"\n        ~~~~\n  }\n}\n\nArgument `id`: Invalid value provided. Expected Int, provided String.\n    at wn (C:\\Users\\suman\\Downloads\\Backend V1\\project\\node_modules\\@prisma\\client\\runtime\\library.js:29:1363)\n    at $n.handleRequestError (C:\\Users\\suman\\Downloads\\Backend V1\\project\\node_modules\\@prisma\\client\\runtime\\library.js:121:6958)\n    at $n.handleAndLogRequestError (C:\\Users\\suman\\Downloads\\Backend V1\\project\\node_modules\\@prisma\\client\\runtime\\library.js:121:6623)\n    at $n.request (C:\\Users\\suman\\Downloads\\Backend V1\\project\\node_modules\\@prisma\\client\\runtime\\library.js:121:6307)\n    at async l (C:\\Users\\suman\\Downloads\\Backend V1\\project\\node_modules\\@prisma\\client\\runtime\\library.js:130:9633)\n    at async getQuoteRequestById (file:///C:/Users/suman/Downloads/Backend%20V1/project/src/services/quoteService.js:50:19)\n    at async getById (file:///C:/Users/suman/Downloads/Backend%20V1/project/src/controllers/quoteController.js:45:20)","timestamp":"2026-03-16 23:23:20"}
{"clientVersion":"5.22.0","level":"error","message":"Get quote by ID error: \nInvalid `prisma.quoteRequest.findUnique()` invocation:\n\n{\n  where: {\n    id: \"33\"\n        ~~~~\n  }\n}\n\nArgument `id`: Invalid value provided. Expected Int, provided String.","name":"PrismaClientValidationError","service":"lincesckf-api","stack":"PrismaClientValidationError: \nInvalid `prisma.quoteRequest.findUnique()` invocation:\n\n{\n  where: {\n    id: \"33\"\n        ~~~~\n  }\n}\n\nArgument `id`: Invalid value provided. Expected Int, provided String.\n    at wn (C:\\Users\\suman\\Downloads\\Backend V1\\project\\node_modules\\@prisma\\client\\runtime\\library.js:29:1363)\n    at $n.handleRequestError (C:\\Users\\suman\\Downloads\\Backend V1\\project\\node_modules\\@prisma\\client\\runtime\\library.js:121:6958)\n    at $n.handleAndLogRequestError (C:\\Users\\suman\\Downloads\\Backend V1\\project\\node_modules\\@prisma\\client\\runtime\\library.js:121:6623)\n    at $n.request (C:\\Users\\suman\\Downloads\\Backend V1\\project\\node_modules\\@prisma\\client\\runtime\\library.js:121:6307)\n    at async l (C:\\Users\\suman\\Downloads\\Backend V1\\project\\node_modules\\@prisma\\client\\runtime\\library.js:130:9633)\n    at async getQuoteRequestById (file:///C:/Users/suman/Downloads/Backend%20V1/project/src/services/quoteService.js:50:19)\n    at async getById (file:///C:/Users/suman/Downloads/Backend%20V1/project/src/controllers/quoteController.js:45:20)","timestamp":"2026-03-16 23:23:23"}
{"clientVersion":"5.22.0","level":"error","message":"Get quote by ID error: \nInvalid `prisma.quoteRequest.findUnique()` invocation:\n\n{\n  where: {\n    id: \"33\"\n        ~~~~\n  }\n}\n\nArgument `id`: Invalid value provided. Expected Int, provided String.","name":"PrismaClientValidationError","service":"lincesckf-api","stack":"PrismaClientValidationError: \nInvalid `prisma.quoteRequest.findUnique()` invocation:\n\n{\n  where: {\n    id: \"33\"\n        ~~~~\n  }\n}\n\nArgument `id`: Invalid value provided. Expected Int, provided String.\n    at wn (C:\\Users\\suman\\Downloads\\Backend V1\\project\\node_modules\\@prisma\\client\\runtime\\library.js:29:1363)\n    at $n.handleRequestError (C:\\Users\\suman\\Downloads\\Backend V1\\project\\node_modules\\@prisma\\client\\runtime\\library.js:121:6958)\n    at $n.handleAndLogRequestError (C:\\Users\\suman\\Downloads\\Backend V1\\project\\node_modules\\@prisma\\client\\runtime\\library.js:121:6623)\n    at $n.request (C:\\Users\\suman\\Downloads\\Backend V1\\project\\node_modules\\@prisma\\client\\runtime\\library.js:121:6307)\n    at async l (C:\\Users\\suman\\Downloads\\Backend V1\\project\\node_modules\\@prisma\\client\\runtime\\library.js:130:9633)\n    at async getQuoteRequestById (file:///C:/Users/suman/Downloads/Backend%20V1/project/src/services/quoteService.js:50:19)\n    at async getById (file:///C:/Users/suman/Downloads/Backend%20V1/project/src/controllers/quoteController.js:45:20)","timestamp":"2026-03-16 23:23:23"}
{"clientVersion":"5.22.0","level":"error","message":"Get quote by ID error: \nInvalid `prisma.quoteRequest.findUnique()` invocation:\n\n{\n  where: {\n    id: \"33\"\n        ~~~~\n  }\n}\n\nArgument `id`: Invalid value provided. Expected Int, provided String.","name":"PrismaClientValidationError","service":"lincesckf-api","stack":"PrismaClientValidationError: \nInvalid `prisma.quoteRequest.findUnique()` invocation:\n\n{\n  where: {\n    id: \"33\"\n        ~~~~\n  }\n}\n\nArgument `id`: Invalid value provided. Expected Int, provided String.\n    at wn (C:\\Users\\suman\\Downloads\\Backend V1\\project\\node_modules\\@prisma\\client\\runtime\\library.js:29:1363)\n    at $n.handleRequestError (C:\\Users\\suman\\Downloads\\Backend V1\\project\\node_modules\\@prisma\\client\\runtime\\library.js:121:6958)\n    at $n.handleAndLogRequestError (C:\\Users\\suman\\Downloads\\Backend V1\\project\\node_modules\\@prisma\\client\\runtime\\library.js:121:6623)\n    at $n.request (C:\\Users\\suman\\Downloads\\Backend V1\\project\\node_modules\\@prisma\\client\\runtime\\library.js:121:6307)\n    at async l (C:\\Users\\suman\\Downloads\\Backend V1\\project\\node_modules\\@prisma\\client\\runtime\\library.js:130:9633)\n    at async getQuoteRequestById (file:///C:/Users/suman/Downloads/Backend%20V1/project/src/services/quoteService.js:50:19)\n    at async getById (file:///C:/Users/suman/Downloads/Backend%20V1/project/src/controllers/quoteController.js:45:20)","timestamp":"2026-03-16 23:23:24"}
